{"/Users/anastasiamak/WebstormProjects/back-hw-02/__tests__/helpers/dataset.js": {"path":"/Users/anastasiamak/WebstormProjects/back-hw-02/__tests__/helpers/dataset.js","statementMap":{"0":{"start":{"line":3,"column":0},"end":{"line":3,"column":62}},"1":{"start":{"line":4,"column":0},"end":{"line":4,"column":136}},"2":{"start":{"line":5,"column":18},"end":{"line":5,"column":46}},"3":{"start":{"line":6,"column":27},"end":{"line":6,"column":83}},"4":{"start":{"line":7,"column":0},"end":{"line":7,"column":87}},"5":{"start":{"line":8,"column":21},"end":{"line":14,"column":1}},"6":{"start":{"line":9,"column":12},"end":{"line":9,"column":14}},"7":{"start":{"line":10,"column":4},"end":{"line":12,"column":5}},"8":{"start":{"line":10,"column":17},"end":{"line":10,"column":18}},"9":{"start":{"line":11,"column":8},"end":{"line":11,"column":20}},"10":{"start":{"line":13,"column":4},"end":{"line":13,"column":13}},"11":{"start":{"line":15,"column":0},"end":{"line":15,"column":36}},"12":{"start":{"line":16,"column":0},"end":{"line":21,"column":2}},"13":{"start":{"line":22,"column":0},"end":{"line":27,"column":2}},"14":{"start":{"line":28,"column":0},"end":{"line":35,"column":2}},"15":{"start":{"line":36,"column":0},"end":{"line":39,"column":2}},"16":{"start":{"line":40,"column":0},"end":{"line":43,"column":2}}},"fnMap":{"0":{"name":"(anonymous_0)","decl":{"start":{"line":8,"column":21},"end":{"line":8,"column":22}},"loc":{"start":{"line":8,"column":33},"end":{"line":14,"column":1}},"line":8}},"branchMap":{},"s":{"0":2,"1":2,"2":2,"3":2,"4":2,"5":2,"6":18,"7":18,"8":18,"9":5253,"10":18,"11":2,"12":2,"13":2,"14":2,"15":2,"16":2},"f":{"0":18},"b":{},"inputSourceMap":null,"_coverageSchema":"1a1c01bbd47fc00a2c39e90264f33305004495a9","hash":"6e6701c69912daeac793bc992e1a882672a640e9"}
,"/Users/anastasiamak/WebstormProjects/back-hw-02/__tests__/helpers/test-helpers.ts": {"path":"/Users/anastasiamak/WebstormProjects/back-hw-02/__tests__/helpers/test-helpers.ts","statementMap":{"0":{"start":{"line":1,"column":0},"end":{"line":1,"column":32}},"1":{"start":{"line":2,"column":0},"end":{"line":2,"column":34}},"2":{"start":{"line":4,"column":13},"end":{"line":4,"column":null}}},"fnMap":{},"branchMap":{},"s":{"0":2,"1":2,"2":2},"f":{},"b":{}}
,"/Users/anastasiamak/WebstormProjects/back-hw-02/src/app.ts": {"path":"/Users/anastasiamak/WebstormProjects/back-hw-02/src/app.ts","statementMap":{"0":{"start":{"line":1,"column":0},"end":{"line":1,"column":30}},"1":{"start":{"line":2,"column":0},"end":{"line":2,"column":24}},"2":{"start":{"line":3,"column":0},"end":{"line":3,"column":35}},"3":{"start":{"line":4,"column":0},"end":{"line":4,"column":57}},"4":{"start":{"line":5,"column":0},"end":{"line":5,"column":49}},"5":{"start":{"line":6,"column":0},"end":{"line":6,"column":57}},"6":{"start":{"line":7,"column":0},"end":{"line":7,"column":38}},"7":{"start":{"line":9,"column":13},"end":{"line":9,"column":29}},"8":{"start":{"line":12,"column":0},"end":{"line":12,"column":24}},"9":{"start":{"line":13,"column":0},"end":{"line":13,"column":16}},"10":{"start":{"line":16,"column":0},"end":{"line":19,"column":null}},"11":{"start":{"line":18,"column":4},"end":{"line":18,"column":null}},"12":{"start":{"line":21,"column":0},"end":{"line":21,"column":null}},"13":{"start":{"line":22,"column":0},"end":{"line":22,"column":null}},"14":{"start":{"line":23,"column":0},"end":{"line":23,"column":null}}},"fnMap":{"0":{"name":"(anonymous_1)","decl":{"start":{"line":16,"column":13},"end":{"line":16,"column":14}},"loc":{"start":{"line":16,"column":26},"end":{"line":19,"column":1}}}},"branchMap":{},"s":{"0":2,"1":2,"2":2,"3":2,"4":2,"5":2,"6":2,"7":2,"8":2,"9":2,"10":2,"11":0,"12":2,"13":2,"14":2},"f":{"0":0},"b":{}}
,"/Users/anastasiamak/WebstormProjects/back-hw-02/src/setting.ts": {"path":"/Users/anastasiamak/WebstormProjects/back-hw-02/src/setting.ts","statementMap":{"0":{"start":{"line":1,"column":13},"end":{"line":10,"column":null}}},"fnMap":{},"branchMap":{"0":{"loc":{"start":{"line":3,"column":10},"end":{"line":3,"column":34}},"type":"binary-expr","locations":[{"start":{"line":3,"column":10},"end":{"line":3,"column":26}},{"start":{"line":3,"column":30},"end":{"line":3,"column":34}}]},"1":{"loc":{"start":{"line":9,"column":11},"end":{"line":9,"column":46}},"type":"binary-expr","locations":[{"start":{"line":9,"column":11},"end":{"line":9,"column":28}},{"start":{"line":9,"column":32},"end":{"line":9,"column":46}}]}},"s":{"0":2},"f":{},"b":{"0":[2,2],"1":[2,2]}}
,"/Users/anastasiamak/WebstormProjects/back-hw-02/src/db/db.ts": {"path":"/Users/anastasiamak/WebstormProjects/back-hw-02/src/db/db.ts","statementMap":{"0":{"start":{"line":4,"column":13},"end":{"line":12,"column":null}},"1":{"start":{"line":13,"column":13},"end":{"line":16,"column":null}},"2":{"start":{"line":30,"column":21},"end":{"line":42,"column":1}},"3":{"start":{"line":31,"column":4},"end":{"line":35,"column":5}},"4":{"start":{"line":32,"column":8},"end":{"line":32,"column":null}},"5":{"start":{"line":33,"column":8},"end":{"line":33,"column":null}},"6":{"start":{"line":34,"column":8},"end":{"line":34,"column":14}},"7":{"start":{"line":39,"column":4},"end":{"line":39,"column":null}},"8":{"start":{"line":39,"column":39},"end":{"line":39,"column":47}},"9":{"start":{"line":40,"column":4},"end":{"line":40,"column":null}},"10":{"start":{"line":40,"column":39},"end":{"line":40,"column":47}},"11":{"start":{"line":30,"column":13},"end":{"line":30,"column":21}}},"fnMap":{"0":{"name":"(anonymous_0)","decl":{"start":{"line":30,"column":21},"end":{"line":30,"column":22}},"loc":{"start":{"line":30,"column":60},"end":{"line":42,"column":1}}},"1":{"name":"(anonymous_1)","decl":{"start":{"line":39,"column":34},"end":{"line":39,"column":35}},"loc":{"start":{"line":39,"column":39},"end":{"line":39,"column":47}}},"2":{"name":"(anonymous_2)","decl":{"start":{"line":40,"column":34},"end":{"line":40,"column":35}},"loc":{"start":{"line":40,"column":39},"end":{"line":40,"column":47}}}},"branchMap":{"0":{"loc":{"start":{"line":31,"column":4},"end":{"line":35,"column":5}},"type":"if","locations":[{"start":{"line":31,"column":4},"end":{"line":35,"column":5}}]},"1":{"loc":{"start":{"line":39,"column":15},"end":{"line":39,"column":60}},"type":"binary-expr","locations":[{"start":{"line":39,"column":15},"end":{"line":39,"column":48}},{"start":{"line":39,"column":52},"end":{"line":39,"column":60}}]},"2":{"loc":{"start":{"line":39,"column":15},"end":{"line":39,"column":48}},"type":"cond-expr","locations":[{"start":{"line":39,"column":28},"end":{"line":39,"column":30}},{"start":{"line":39,"column":28},"end":{"line":39,"column":48}}]},"3":{"loc":{"start":{"line":39,"column":15},"end":{"line":39,"column":30}},"type":"binary-expr","locations":[{"start":{"line":39,"column":15},"end":{"line":39,"column":30}},{"start":{"line":39,"column":28},"end":{"line":39,"column":30}}]},"4":{"loc":{"start":{"line":40,"column":15},"end":{"line":40,"column":60}},"type":"binary-expr","locations":[{"start":{"line":40,"column":15},"end":{"line":40,"column":48}},{"start":{"line":40,"column":52},"end":{"line":40,"column":60}}]},"5":{"loc":{"start":{"line":40,"column":15},"end":{"line":40,"column":48}},"type":"cond-expr","locations":[{"start":{"line":40,"column":28},"end":{"line":40,"column":30}},{"start":{"line":40,"column":28},"end":{"line":40,"column":48}}]},"6":{"loc":{"start":{"line":40,"column":15},"end":{"line":40,"column":30}},"type":"binary-expr","locations":[{"start":{"line":40,"column":15},"end":{"line":40,"column":30}},{"start":{"line":40,"column":28},"end":{"line":40,"column":30}}]}},"s":{"0":2,"1":2,"2":2,"3":30,"4":14,"5":14,"6":14,"7":16,"8":22,"9":16,"10":6,"11":2},"f":{"0":30,"1":22,"2":6},"b":{"0":[14],"1":[16,0],"2":[0,16],"3":[16,16],"4":[16,0],"5":[0,16],"6":[16,16]}}
,"/Users/anastasiamak/WebstormProjects/back-hw-02/src/features/blogs/blogValidators.ts": {"path":"/Users/anastasiamak/WebstormProjects/back-hw-02/src/features/blogs/blogValidators.ts","statementMap":{"0":{"start":{"line":1,"column":0},"end":{"line":1,"column":39}},"1":{"start":{"line":4,"column":0},"end":{"line":4,"column":74}},"2":{"start":{"line":5,"column":0},"end":{"line":5,"column":42}},"3":{"start":{"line":6,"column":0},"end":{"line":6,"column":95}},"4":{"start":{"line":12,"column":13},"end":{"line":13,"column":73}},"5":{"start":{"line":15,"column":13},"end":{"line":16,"column":71}},"6":{"start":{"line":18,"column":13},"end":{"line":20,"column":68}},"7":{"start":{"line":22,"column":33},"end":{"line":29,"column":1}},"8":{"start":{"line":24,"column":17},"end":{"line":24,"column":27}},"9":{"start":{"line":25,"column":4},"end":{"line":27,"column":5}},"10":{"start":{"line":26,"column":9},"end":{"line":26,"column":55}},"11":{"start":{"line":28,"column":4},"end":{"line":28,"column":null}},"12":{"start":{"line":22,"column":13},"end":{"line":22,"column":33}},"13":{"start":{"line":31,"column":13},"end":{"line":39,"column":null}}},"fnMap":{"0":{"name":"(anonymous_0)","decl":{"start":{"line":22,"column":33},"end":{"line":22,"column":34}},"loc":{"start":{"line":23,"column":71},"end":{"line":29,"column":1}}}},"branchMap":{"0":{"loc":{"start":{"line":25,"column":4},"end":{"line":27,"column":5}},"type":"if","locations":[{"start":{"line":25,"column":4},"end":{"line":27,"column":5}}]},"1":{"loc":{"start":{"line":25,"column":8},"end":{"line":25,"column":56}},"type":"binary-expr","locations":[{"start":{"line":25,"column":8},"end":{"line":25,"column":30}},{"start":{"line":25,"column":34},"end":{"line":25,"column":56}}]}},"s":{"0":2,"1":2,"2":2,"3":2,"4":2,"5":2,"6":2,"7":2,"8":8,"9":8,"10":0,"11":8,"12":2,"13":2},"f":{"0":8},"b":{"0":[0],"1":[8,8]}}
,"/Users/anastasiamak/WebstormProjects/back-hw-02/src/features/blogs/blogsRepository.ts": {"path":"/Users/anastasiamak/WebstormProjects/back-hw-02/src/features/blogs/blogsRepository.ts","statementMap":{"0":{"start":{"line":3,"column":0},"end":{"line":3,"column":31}},"1":{"start":{"line":6,"column":13},"end":{"line":78,"column":null}},"2":{"start":{"line":10,"column":36},"end":{"line":15,"column":null}},"3":{"start":{"line":16,"column":8},"end":{"line":16,"column":null}},"4":{"start":{"line":17,"column":8},"end":{"line":17,"column":null}},"5":{"start":{"line":23,"column":8},"end":{"line":23,"column":null}},"6":{"start":{"line":23,"column":34},"end":{"line":23,"column":45}},"7":{"start":{"line":32,"column":21},"end":{"line":32,"column":35}},"8":{"start":{"line":33,"column":8},"end":{"line":33,"column":null}},"9":{"start":{"line":38,"column":6},"end":{"line":38,"column":36}},"10":{"start":{"line":43,"column":22},"end":{"line":43,"column":58}},"11":{"start":{"line":43,"column":46},"end":{"line":43,"column":57}},"12":{"start":{"line":45,"column":8},"end":{"line":49,"column":9}},"13":{"start":{"line":46,"column":32},"end":{"line":46,"column":47}},"14":{"start":{"line":47,"column":12},"end":{"line":47,"column":38}},"15":{"start":{"line":48,"column":12},"end":{"line":48,"column":31}},"16":{"start":{"line":51,"column":8},"end":{"line":51,"column":20}},"17":{"start":{"line":56,"column":22},"end":{"line":56,"column":58}},"18":{"start":{"line":56,"column":46},"end":{"line":56,"column":57}},"19":{"start":{"line":58,"column":8},"end":{"line":60,"column":9}},"20":{"start":{"line":59,"column":12},"end":{"line":59,"column":24}},"21":{"start":{"line":63,"column":8},"end":{"line":63,"column":56}},"22":{"start":{"line":64,"column":8},"end":{"line":64,"column":31}},"23":{"start":{"line":69,"column":45},"end":{"line":74,"column":null}},"24":{"start":{"line":75,"column":8},"end":{"line":75,"column":null}}},"fnMap":{"0":{"name":"(anonymous_0)","decl":{"start":{"line":9,"column":4},"end":{"line":9,"column":10}},"loc":{"start":{"line":9,"column":31},"end":{"line":18,"column":5}}},"1":{"name":"(anonymous_1)","decl":{"start":{"line":22,"column":4},"end":{"line":22,"column":8}},"loc":{"start":{"line":22,"column":19},"end":{"line":24,"column":5}}},"2":{"name":"(anonymous_2)","decl":{"start":{"line":23,"column":29},"end":{"line":23,"column":30}},"loc":{"start":{"line":23,"column":34},"end":{"line":23,"column":45}}},"3":{"name":"(anonymous_3)","decl":{"start":{"line":30,"column":4},"end":{"line":30,"column":14}},"loc":{"start":{"line":30,"column":25},"end":{"line":34,"column":5}}},"4":{"name":"(anonymous_4)","decl":{"start":{"line":37,"column":4},"end":{"line":37,"column":10}},"loc":{"start":{"line":37,"column":10},"end":{"line":39,"column":5}}},"5":{"name":"(anonymous_5)","decl":{"start":{"line":42,"column":4},"end":{"line":42,"column":7}},"loc":{"start":{"line":42,"column":18},"end":{"line":52,"column":5}}},"6":{"name":"(anonymous_6)","decl":{"start":{"line":43,"column":41},"end":{"line":43,"column":42}},"loc":{"start":{"line":43,"column":46},"end":{"line":43,"column":57}}},"7":{"name":"(anonymous_7)","decl":{"start":{"line":55,"column":4},"end":{"line":55,"column":7}},"loc":{"start":{"line":55,"column":40},"end":{"line":65,"column":5}}},"8":{"name":"(anonymous_8)","decl":{"start":{"line":56,"column":41},"end":{"line":56,"column":42}},"loc":{"start":{"line":56,"column":46},"end":{"line":56,"column":57}}},"9":{"name":"(anonymous_9)","decl":{"start":{"line":68,"column":4},"end":{"line":68,"column":7}},"loc":{"start":{"line":68,"column":24},"end":{"line":76,"column":5}}}},"branchMap":{"0":{"loc":{"start":{"line":45,"column":8},"end":{"line":49,"column":9}},"type":"if","locations":[{"start":{"line":45,"column":8},"end":{"line":49,"column":9}}]},"1":{"loc":{"start":{"line":58,"column":8},"end":{"line":60,"column":9}},"type":"if","locations":[{"start":{"line":58,"column":8},"end":{"line":60,"column":9}}]}},"s":{"0":2,"1":2,"2":1,"3":1,"4":1,"5":13,"6":13,"7":1,"8":1,"9":2,"10":2,"11":1,"12":2,"13":1,"14":1,"15":1,"16":1,"17":2,"18":1,"19":2,"20":1,"21":1,"22":1,"23":2,"24":2},"f":{"0":1,"1":13,"2":13,"3":1,"4":2,"5":2,"6":1,"7":2,"8":1,"9":2},"b":{"0":[1],"1":[1]}}
,"/Users/anastasiamak/WebstormProjects/back-hw-02/src/features/blogs/blogsRouter.ts": {"path":"/Users/anastasiamak/WebstormProjects/back-hw-02/src/features/blogs/blogsRouter.ts","statementMap":{"0":{"start":{"line":1,"column":0},"end":{"line":1,"column":31}},"1":{"start":{"line":2,"column":0},"end":{"line":2,"column":68}},"2":{"start":{"line":3,"column":0},"end":{"line":3,"column":68}},"3":{"start":{"line":4,"column":0},"end":{"line":4,"column":66}},"4":{"start":{"line":5,"column":0},"end":{"line":5,"column":66}},"5":{"start":{"line":6,"column":0},"end":{"line":6,"column":72}},"6":{"start":{"line":7,"column":0},"end":{"line":7,"column":67}},"7":{"start":{"line":8,"column":0},"end":{"line":8,"column":74}},"8":{"start":{"line":11,"column":13},"end":{"line":11,"column":null}},"9":{"start":{"line":13,"column":0},"end":{"line":13,"column":null}},"10":{"start":{"line":14,"column":0},"end":{"line":14,"column":null}},"11":{"start":{"line":15,"column":0},"end":{"line":15,"column":null}},"12":{"start":{"line":16,"column":0},"end":{"line":16,"column":null}},"13":{"start":{"line":17,"column":0},"end":{"line":17,"column":null}}},"fnMap":{},"branchMap":{},"s":{"0":2,"1":2,"2":2,"3":2,"4":2,"5":2,"6":2,"7":2,"8":2,"9":2,"10":2,"11":2,"12":2,"13":2},"f":{},"b":{}}
,"/Users/anastasiamak/WebstormProjects/back-hw-02/src/features/blogs/controllers/createBlogController.ts": {"path":"/Users/anastasiamak/WebstormProjects/back-hw-02/src/features/blogs/controllers/createBlogController.ts","statementMap":{"0":{"start":{"line":3,"column":0},"end":{"line":3,"column":49}},"1":{"start":{"line":4,"column":0},"end":{"line":4,"column":51}},"2":{"start":{"line":6,"column":36},"end":{"line":15,"column":1}},"3":{"start":{"line":8,"column":22},"end":{"line":8,"column":54}},"4":{"start":{"line":10,"column":20},"end":{"line":10,"column":57}},"5":{"start":{"line":12,"column":4},"end":{"line":14,"column":null}},"6":{"start":{"line":6,"column":13},"end":{"line":6,"column":36}}},"fnMap":{"0":{"name":"(anonymous_0)","decl":{"start":{"line":6,"column":36},"end":{"line":6,"column":37}},"loc":{"start":{"line":7,"column":67},"end":{"line":15,"column":1}}}},"branchMap":{},"s":{"0":2,"1":2,"2":2,"3":1,"4":1,"5":1,"6":2},"f":{"0":1},"b":{}}
,"/Users/anastasiamak/WebstormProjects/back-hw-02/src/features/blogs/controllers/delBlogController.ts": {"path":"/Users/anastasiamak/WebstormProjects/back-hw-02/src/features/blogs/controllers/delBlogController.ts","statementMap":{"0":{"start":{"line":3,"column":0},"end":{"line":3,"column":49}},"1":{"start":{"line":4,"column":0},"end":{"line":4,"column":51}},"2":{"start":{"line":7,"column":33},"end":{"line":18,"column":1}},"3":{"start":{"line":8,"column":19},"end":{"line":8,"column":29}},"4":{"start":{"line":10,"column":21},"end":{"line":10,"column":45}},"5":{"start":{"line":11,"column":4},"end":{"line":13,"column":5}},"6":{"start":{"line":12,"column":9},"end":{"line":12,"column":83}},"7":{"start":{"line":15,"column":4},"end":{"line":15,"column":28}},"8":{"start":{"line":16,"column":5},"end":{"line":17,"column":51}},"9":{"start":{"line":7,"column":13},"end":{"line":7,"column":33}}},"fnMap":{"0":{"name":"(anonymous_0)","decl":{"start":{"line":7,"column":33},"end":{"line":7,"column":34}},"loc":{"start":{"line":7,"column":81},"end":{"line":18,"column":1}}}},"branchMap":{"0":{"loc":{"start":{"line":11,"column":4},"end":{"line":13,"column":5}},"type":"if","locations":[{"start":{"line":11,"column":4},"end":{"line":13,"column":5}}]}},"s":{"0":2,"1":2,"2":2,"3":2,"4":2,"5":2,"6":1,"7":2,"8":2,"9":2},"f":{"0":2},"b":{"0":[1]}}
,"/Users/anastasiamak/WebstormProjects/back-hw-02/src/features/blogs/controllers/findBlogController.ts": {"path":"/Users/anastasiamak/WebstormProjects/back-hw-02/src/features/blogs/controllers/findBlogController.ts","statementMap":{"0":{"start":{"line":3,"column":0},"end":{"line":3,"column":49}},"1":{"start":{"line":4,"column":0},"end":{"line":4,"column":51}},"2":{"start":{"line":6,"column":35},"end":{"line":18,"column":1}},"3":{"start":{"line":8,"column":17},"end":{"line":8,"column":27}},"4":{"start":{"line":10,"column":17},"end":{"line":10,"column":41}},"5":{"start":{"line":12,"column":5},"end":{"line":15,"column":6}},"6":{"start":{"line":13,"column":9},"end":{"line":14,"column":54}},"7":{"start":{"line":16,"column":5},"end":{"line":16,"column":49}},"8":{"start":{"line":6,"column":14},"end":{"line":6,"column":35}}},"fnMap":{"0":{"name":"(anonymous_0)","decl":{"start":{"line":6,"column":35},"end":{"line":6,"column":36}},"loc":{"start":{"line":7,"column":69},"end":{"line":18,"column":1}}}},"branchMap":{"0":{"loc":{"start":{"line":12,"column":5},"end":{"line":15,"column":6}},"type":"if","locations":[{"start":{"line":12,"column":5},"end":{"line":15,"column":6}}]}},"s":{"0":2,"1":2,"2":2,"3":2,"4":2,"5":2,"6":1,"7":2,"8":2},"f":{"0":2},"b":{"0":[1]}}
,"/Users/anastasiamak/WebstormProjects/back-hw-02/src/features/blogs/controllers/getBlogsController.ts": {"path":"/Users/anastasiamak/WebstormProjects/back-hw-02/src/features/blogs/controllers/getBlogsController.ts","statementMap":{"0":{"start":{"line":3,"column":0},"end":{"line":3,"column":45}},"1":{"start":{"line":5,"column":0},"end":{"line":5,"column":51}},"2":{"start":{"line":7,"column":34},"end":{"line":14,"column":1}},"3":{"start":{"line":9,"column":19},"end":{"line":9,"column":43}},"4":{"start":{"line":11,"column":4},"end":{"line":13,"column":21}},"5":{"start":{"line":7,"column":13},"end":{"line":7,"column":34}}},"fnMap":{"0":{"name":"(anonymous_0)","decl":{"start":{"line":7,"column":34},"end":{"line":7,"column":35}},"loc":{"start":{"line":8,"column":69},"end":{"line":14,"column":1}}}},"branchMap":{},"s":{"0":2,"1":2,"2":2,"3":2,"4":2,"5":2},"f":{"0":2},"b":{}}
,"/Users/anastasiamak/WebstormProjects/back-hw-02/src/features/blogs/controllers/putBlogController.ts": {"path":"/Users/anastasiamak/WebstormProjects/back-hw-02/src/features/blogs/controllers/putBlogController.ts","statementMap":{"0":{"start":{"line":3,"column":0},"end":{"line":3,"column":45}},"1":{"start":{"line":5,"column":0},"end":{"line":5,"column":51}},"2":{"start":{"line":9,"column":33},"end":{"line":30,"column":5}},"3":{"start":{"line":12,"column":19},"end":{"line":12,"column":29}},"4":{"start":{"line":13,"column":17},"end":{"line":13,"column":41}},"5":{"start":{"line":16,"column":4},"end":{"line":18,"column":5}},"6":{"start":{"line":17,"column":9},"end":{"line":17,"column":53}},"7":{"start":{"line":21,"column":24},"end":{"line":21,"column":57}},"8":{"start":{"line":24,"column":4},"end":{"line":26,"column":5}},"9":{"start":{"line":25,"column":9},"end":{"line":25,"column":55}},"10":{"start":{"line":29,"column":4},"end":{"line":29,"column":49}},"11":{"start":{"line":9,"column":13},"end":{"line":9,"column":33}}},"fnMap":{"0":{"name":"(anonymous_0)","decl":{"start":{"line":9,"column":33},"end":{"line":9,"column":34}},"loc":{"start":{"line":10,"column":51},"end":{"line":30,"column":5}}}},"branchMap":{"0":{"loc":{"start":{"line":16,"column":4},"end":{"line":18,"column":5}},"type":"if","locations":[{"start":{"line":16,"column":4},"end":{"line":18,"column":5}}]},"1":{"loc":{"start":{"line":24,"column":4},"end":{"line":26,"column":5}},"type":"if","locations":[{"start":{"line":24,"column":4},"end":{"line":26,"column":5}}]}},"s":{"0":2,"1":2,"2":2,"3":2,"4":2,"5":2,"6":1,"7":2,"8":2,"9":1,"10":1,"11":2},"f":{"0":2},"b":{"0":[1],"1":[1]}}
,"/Users/anastasiamak/WebstormProjects/back-hw-02/src/features/posts/postValidators.ts": {"path":"/Users/anastasiamak/WebstormProjects/back-hw-02/src/features/posts/postValidators.ts","statementMap":{"0":{"start":{"line":1,"column":0},"end":{"line":1,"column":39}},"1":{"start":{"line":3,"column":0},"end":{"line":3,"column":57}},"2":{"start":{"line":4,"column":0},"end":{"line":4,"column":50}},"3":{"start":{"line":5,"column":0},"end":{"line":5,"column":42}},"4":{"start":{"line":6,"column":0},"end":{"line":6,"column":74}},"5":{"start":{"line":7,"column":0},"end":{"line":7,"column":95}},"6":{"start":{"line":14,"column":13},"end":{"line":15,"column":null}},"7":{"start":{"line":17,"column":13},"end":{"line":18,"column":null}},"8":{"start":{"line":20,"column":13},"end":{"line":21,"column":null}},"9":{"start":{"line":23,"column":13},"end":{"line":27,"column":null}},"10":{"start":{"line":25,"column":21},"end":{"line":25,"column":49}},"11":{"start":{"line":26,"column":8},"end":{"line":26,"column":null}},"12":{"start":{"line":29,"column":33},"end":{"line":40,"column":1}},"13":{"start":{"line":31,"column":17},"end":{"line":31,"column":52}},"14":{"start":{"line":32,"column":4},"end":{"line":37,"column":5}},"15":{"start":{"line":33,"column":8},"end":{"line":35,"column":22}},"16":{"start":{"line":36,"column":8},"end":{"line":36,"column":14}},"17":{"start":{"line":39,"column":4},"end":{"line":39,"column":null}},"18":{"start":{"line":29,"column":13},"end":{"line":29,"column":33}},"19":{"start":{"line":42,"column":13},"end":{"line":53,"column":null}}},"fnMap":{"0":{"name":"(anonymous_0)","decl":{"start":{"line":24,"column":19},"end":{"line":24,"column":25}},"loc":{"start":{"line":24,"column":28},"end":{"line":27,"column":5}}},"1":{"name":"(anonymous_1)","decl":{"start":{"line":29,"column":33},"end":{"line":29,"column":34}},"loc":{"start":{"line":30,"column":71},"end":{"line":40,"column":1}}}},"branchMap":{"0":{"loc":{"start":{"line":32,"column":4},"end":{"line":37,"column":5}},"type":"if","locations":[{"start":{"line":32,"column":4},"end":{"line":37,"column":5}}]}},"s":{"0":2,"1":2,"2":2,"3":2,"4":2,"5":2,"6":2,"7":2,"8":2,"9":2,"10":4,"11":4,"12":2,"13":6,"14":6,"15":2,"16":2,"17":4,"18":2,"19":2},"f":{"0":4,"1":6},"b":{"0":[2]}}
,"/Users/anastasiamak/WebstormProjects/back-hw-02/src/features/posts/postsRepository.ts": {"path":"/Users/anastasiamak/WebstormProjects/back-hw-02/src/features/posts/postsRepository.ts","statementMap":{"0":{"start":{"line":3,"column":0},"end":{"line":3,"column":57}},"1":{"start":{"line":4,"column":0},"end":{"line":4,"column":31}},"2":{"start":{"line":6,"column":13},"end":{"line":56,"column":null}},"3":{"start":{"line":8,"column":37},"end":{"line":15,"column":null}},"4":{"start":{"line":16,"column":8},"end":{"line":16,"column":null}},"5":{"start":{"line":17,"column":8},"end":{"line":17,"column":null}},"6":{"start":{"line":21,"column":8},"end":{"line":21,"column":null}},"7":{"start":{"line":21,"column":34},"end":{"line":21,"column":45}},"8":{"start":{"line":25,"column":21},"end":{"line":25,"column":35}},"9":{"start":{"line":26,"column":8},"end":{"line":26,"column":null}},"10":{"start":{"line":30,"column":8},"end":{"line":30,"column":null}},"11":{"start":{"line":30,"column":33},"end":{"line":30,"column":44}},"12":{"start":{"line":34,"column":22},"end":{"line":34,"column":58}},"13":{"start":{"line":34,"column":46},"end":{"line":34,"column":57}},"14":{"start":{"line":35,"column":8},"end":{"line":37,"column":9}},"15":{"start":{"line":36,"column":12},"end":{"line":36,"column":38}},"16":{"start":{"line":41,"column":21},"end":{"line":41,"column":55}},"17":{"start":{"line":42,"column":8},"end":{"line":42,"column":null}},"18":{"start":{"line":42,"column":44},"end":{"line":42,"column":98}},"19":{"start":{"line":46,"column":45},"end":{"line":53,"column":null}},"20":{"start":{"line":54,"column":8},"end":{"line":54,"column":null}}},"fnMap":{"0":{"name":"(anonymous_0)","decl":{"start":{"line":7,"column":4},"end":{"line":7,"column":10}},"loc":{"start":{"line":7,"column":31},"end":{"line":18,"column":5}}},"1":{"name":"(anonymous_1)","decl":{"start":{"line":20,"column":4},"end":{"line":20,"column":8}},"loc":{"start":{"line":20,"column":19},"end":{"line":22,"column":5}}},"2":{"name":"(anonymous_2)","decl":{"start":{"line":21,"column":29},"end":{"line":21,"column":30}},"loc":{"start":{"line":21,"column":34},"end":{"line":21,"column":45}}},"3":{"name":"(anonymous_3)","decl":{"start":{"line":24,"column":4},"end":{"line":24,"column":14}},"loc":{"start":{"line":24,"column":25},"end":{"line":27,"column":5}}},"4":{"name":"(anonymous_4)","decl":{"start":{"line":29,"column":4},"end":{"line":29,"column":10}},"loc":{"start":{"line":29,"column":10},"end":{"line":31,"column":5}}},"5":{"name":"(anonymous_5)","decl":{"start":{"line":30,"column":28},"end":{"line":30,"column":29}},"loc":{"start":{"line":30,"column":33},"end":{"line":30,"column":44}}},"6":{"name":"(anonymous_6)","decl":{"start":{"line":33,"column":4},"end":{"line":33,"column":7}},"loc":{"start":{"line":33,"column":18},"end":{"line":38,"column":5}}},"7":{"name":"(anonymous_7)","decl":{"start":{"line":34,"column":41},"end":{"line":34,"column":42}},"loc":{"start":{"line":34,"column":46},"end":{"line":34,"column":57}}},"8":{"name":"(anonymous_8)","decl":{"start":{"line":40,"column":4},"end":{"line":40,"column":7}},"loc":{"start":{"line":40,"column":40},"end":{"line":43,"column":5}}},"9":{"name":"(anonymous_9)","decl":{"start":{"line":42,"column":39},"end":{"line":42,"column":40}},"loc":{"start":{"line":42,"column":44},"end":{"line":42,"column":98}}},"10":{"name":"(anonymous_10)","decl":{"start":{"line":45,"column":4},"end":{"line":45,"column":7}},"loc":{"start":{"line":45,"column":24},"end":{"line":55,"column":5}}}},"branchMap":{"0":{"loc":{"start":{"line":35,"column":8},"end":{"line":37,"column":9}},"type":"if","locations":[{"start":{"line":35,"column":8},"end":{"line":37,"column":9}}]},"1":{"loc":{"start":{"line":42,"column":44},"end":{"line":42,"column":98}},"type":"cond-expr","locations":[{"start":{"line":42,"column":57},"end":{"line":42,"column":95}},{"start":{"line":42,"column":97},"end":{"line":42,"column":98}}]}},"s":{"0":2,"1":2,"2":2,"3":1,"4":1,"5":1,"6":11,"7":8,"8":1,"9":1,"10":2,"11":1,"12":2,"13":1,"14":2,"15":1,"16":1,"17":1,"18":1,"19":2,"20":2},"f":{"0":1,"1":11,"2":8,"3":1,"4":2,"5":1,"6":2,"7":1,"8":1,"9":1,"10":2},"b":{"0":[1],"1":[1,0]}}
,"/Users/anastasiamak/WebstormProjects/back-hw-02/src/features/posts/postsRouter.ts": {"path":"/Users/anastasiamak/WebstormProjects/back-hw-02/src/features/posts/postsRouter.ts","statementMap":{"0":{"start":{"line":1,"column":0},"end":{"line":1,"column":31}},"1":{"start":{"line":2,"column":0},"end":{"line":2,"column":72}},"2":{"start":{"line":3,"column":0},"end":{"line":3,"column":68}},"3":{"start":{"line":4,"column":0},"end":{"line":4,"column":66}},"4":{"start":{"line":5,"column":0},"end":{"line":5,"column":74}},"5":{"start":{"line":6,"column":0},"end":{"line":6,"column":67}},"6":{"start":{"line":7,"column":0},"end":{"line":7,"column":68}},"7":{"start":{"line":8,"column":0},"end":{"line":8,"column":66}},"8":{"start":{"line":9,"column":0},"end":{"line":9,"column":95}},"9":{"start":{"line":11,"column":13},"end":{"line":11,"column":36}},"10":{"start":{"line":13,"column":0},"end":{"line":13,"column":null}},"11":{"start":{"line":14,"column":0},"end":{"line":14,"column":null}},"12":{"start":{"line":15,"column":0},"end":{"line":15,"column":null}},"13":{"start":{"line":16,"column":0},"end":{"line":16,"column":null}},"14":{"start":{"line":17,"column":0},"end":{"line":17,"column":null}}},"fnMap":{},"branchMap":{},"s":{"0":2,"1":2,"2":2,"3":2,"4":2,"5":2,"6":2,"7":2,"8":2,"9":2,"10":2,"11":2,"12":2,"13":2,"14":2},"f":{},"b":{}}
,"/Users/anastasiamak/WebstormProjects/back-hw-02/src/features/posts/controllers/createPostController.ts": {"path":"/Users/anastasiamak/WebstormProjects/back-hw-02/src/features/posts/controllers/createPostController.ts","statementMap":{"0":{"start":{"line":3,"column":0},"end":{"line":3,"column":51}},"1":{"start":{"line":4,"column":0},"end":{"line":4,"column":45}},"2":{"start":{"line":7,"column":36},"end":{"line":18,"column":1}},"3":{"start":{"line":10,"column":22},"end":{"line":10,"column":54}},"4":{"start":{"line":11,"column":20},"end":{"line":11,"column":57}},"5":{"start":{"line":13,"column":4},"end":{"line":15,"column":null}},"6":{"start":{"line":7,"column":13},"end":{"line":7,"column":36}}},"fnMap":{"0":{"name":"(anonymous_0)","decl":{"start":{"line":7,"column":36},"end":{"line":7,"column":37}},"loc":{"start":{"line":8,"column":70},"end":{"line":18,"column":1}}}},"branchMap":{},"s":{"0":2,"1":2,"2":2,"3":1,"4":1,"5":1,"6":2},"f":{"0":1},"b":{}}
,"/Users/anastasiamak/WebstormProjects/back-hw-02/src/features/posts/controllers/delPostController.ts": {"path":"/Users/anastasiamak/WebstormProjects/back-hw-02/src/features/posts/controllers/delPostController.ts","statementMap":{"0":{"start":{"line":2,"column":0},"end":{"line":2,"column":51}},"1":{"start":{"line":3,"column":0},"end":{"line":3,"column":45}},"2":{"start":{"line":6,"column":33},"end":{"line":17,"column":1}},"3":{"start":{"line":7,"column":19},"end":{"line":7,"column":29}},"4":{"start":{"line":9,"column":21},"end":{"line":9,"column":45}},"5":{"start":{"line":10,"column":4},"end":{"line":12,"column":5}},"6":{"start":{"line":11,"column":8},"end":{"line":11,"column":82}},"7":{"start":{"line":14,"column":3},"end":{"line":14,"column":27}},"8":{"start":{"line":15,"column":4},"end":{"line":16,"column":50}},"9":{"start":{"line":6,"column":13},"end":{"line":6,"column":33}}},"fnMap":{"0":{"name":"(anonymous_0)","decl":{"start":{"line":6,"column":33},"end":{"line":6,"column":34}},"loc":{"start":{"line":6,"column":81},"end":{"line":17,"column":1}}}},"branchMap":{"0":{"loc":{"start":{"line":10,"column":4},"end":{"line":12,"column":5}},"type":"if","locations":[{"start":{"line":10,"column":4},"end":{"line":12,"column":5}}]}},"s":{"0":2,"1":2,"2":2,"3":2,"4":2,"5":2,"6":1,"7":2,"8":2,"9":2},"f":{"0":2},"b":{"0":[1]}}
,"/Users/anastasiamak/WebstormProjects/back-hw-02/src/features/posts/controllers/findPostController.ts": {"path":"/Users/anastasiamak/WebstormProjects/back-hw-02/src/features/posts/controllers/findPostController.ts","statementMap":{"0":{"start":{"line":3,"column":0},"end":{"line":3,"column":51}},"1":{"start":{"line":4,"column":0},"end":{"line":4,"column":45}},"2":{"start":{"line":6,"column":34},"end":{"line":16,"column":1}},"3":{"start":{"line":8,"column":19},"end":{"line":8,"column":29}},"4":{"start":{"line":9,"column":17},"end":{"line":9,"column":41}},"5":{"start":{"line":10,"column":4},"end":{"line":13,"column":5}},"6":{"start":{"line":11,"column":8},"end":{"line":12,"column":null}},"7":{"start":{"line":14,"column":4},"end":{"line":15,"column":49}},"8":{"start":{"line":6,"column":13},"end":{"line":6,"column":34}}},"fnMap":{"0":{"name":"(anonymous_0)","decl":{"start":{"line":6,"column":34},"end":{"line":6,"column":35}},"loc":{"start":{"line":7,"column":68},"end":{"line":16,"column":1}}}},"branchMap":{"0":{"loc":{"start":{"line":10,"column":4},"end":{"line":13,"column":5}},"type":"if","locations":[{"start":{"line":10,"column":4},"end":{"line":13,"column":5}}]}},"s":{"0":2,"1":2,"2":2,"3":1,"4":1,"5":1,"6":0,"7":1,"8":2},"f":{"0":1},"b":{"0":[0]}}
,"/Users/anastasiamak/WebstormProjects/back-hw-02/src/features/posts/controllers/getPostsController.ts": {"path":"/Users/anastasiamak/WebstormProjects/back-hw-02/src/features/posts/controllers/getPostsController.ts","statementMap":{"0":{"start":{"line":2,"column":0},"end":{"line":2,"column":51}},"1":{"start":{"line":3,"column":0},"end":{"line":3,"column":45}},"2":{"start":{"line":5,"column":34},"end":{"line":11,"column":1}},"3":{"start":{"line":6,"column":18},"end":{"line":6,"column":42}},"4":{"start":{"line":8,"column":4},"end":{"line":10,"column":null}},"5":{"start":{"line":5,"column":13},"end":{"line":5,"column":34}}},"fnMap":{"0":{"name":"(anonymous_0)","decl":{"start":{"line":5,"column":34},"end":{"line":5,"column":35}},"loc":{"start":{"line":5,"column":66},"end":{"line":11,"column":1}}}},"branchMap":{},"s":{"0":2,"1":2,"2":2,"3":2,"4":2,"5":2},"f":{"0":2},"b":{}}
,"/Users/anastasiamak/WebstormProjects/back-hw-02/src/features/posts/controllers/putPostController.ts": {"path":"/Users/anastasiamak/WebstormProjects/back-hw-02/src/features/posts/controllers/putPostController.ts","statementMap":{"0":{"start":{"line":2,"column":0},"end":{"line":2,"column":51}},"1":{"start":{"line":3,"column":0},"end":{"line":3,"column":45}},"2":{"start":{"line":6,"column":34},"end":{"line":26,"column":1}},"3":{"start":{"line":8,"column":17},"end":{"line":8,"column":27}},"4":{"start":{"line":9,"column":17},"end":{"line":9,"column":41}},"5":{"start":{"line":11,"column":4},"end":{"line":14,"column":5}},"6":{"start":{"line":12,"column":8},"end":{"line":13,"column":null}},"7":{"start":{"line":16,"column":24},"end":{"line":16,"column":57}},"8":{"start":{"line":19,"column":4},"end":{"line":21,"column":5}},"9":{"start":{"line":20,"column":8},"end":{"line":20,"column":54}},"10":{"start":{"line":24,"column":8},"end":{"line":24,"column":53}},"11":{"start":{"line":6,"column":13},"end":{"line":6,"column":34}}},"fnMap":{"0":{"name":"(anonymous_0)","decl":{"start":{"line":6,"column":34},"end":{"line":6,"column":35}},"loc":{"start":{"line":7,"column":52},"end":{"line":26,"column":1}}}},"branchMap":{"0":{"loc":{"start":{"line":11,"column":4},"end":{"line":14,"column":5}},"type":"if","locations":[{"start":{"line":11,"column":4},"end":{"line":14,"column":5}}]},"1":{"loc":{"start":{"line":19,"column":4},"end":{"line":21,"column":5}},"type":"if","locations":[{"start":{"line":19,"column":4},"end":{"line":21,"column":5}}]}},"s":{"0":2,"1":2,"2":2,"3":1,"4":1,"5":1,"6":0,"7":1,"8":1,"9":0,"10":1,"11":2},"f":{"0":1},"b":{"0":[0],"1":[0]}}
,"/Users/anastasiamak/WebstormProjects/back-hw-02/src/features/testing/index.ts": {"path":"/Users/anastasiamak/WebstormProjects/back-hw-02/src/features/testing/index.ts","statementMap":{"0":{"start":{"line":1,"column":0},"end":{"line":1,"column":31}},"1":{"start":{"line":2,"column":0},"end":{"line":2,"column":49}},"2":{"start":{"line":4,"column":13},"end":{"line":4,"column":38}},"3":{"start":{"line":6,"column":0},"end":{"line":9,"column":null}},"4":{"start":{"line":7,"column":4},"end":{"line":7,"column":null}},"5":{"start":{"line":8,"column":4},"end":{"line":8,"column":null}}},"fnMap":{"0":{"name":"(anonymous_0)","decl":{"start":{"line":6,"column":34},"end":{"line":6,"column":35}},"loc":{"start":{"line":6,"column":47},"end":{"line":9,"column":1}}}},"branchMap":{},"s":{"0":2,"1":2,"2":2,"3":2,"4":0,"5":0},"f":{"0":0},"b":{}}
,"/Users/anastasiamak/WebstormProjects/back-hw-02/src/global_middlewares/admin-middleware.ts": {"path":"/Users/anastasiamak/WebstormProjects/back-hw-02/src/global_middlewares/admin-middleware.ts","statementMap":{"0":{"start":{"line":1,"column":0},"end":{"line":1,"column":39}},"1":{"start":{"line":3,"column":0},"end":{"line":3,"column":36}},"2":{"start":{"line":6,"column":32},"end":{"line":10,"column":1}},"3":{"start":{"line":7,"column":19},"end":{"line":7,"column":46}},"4":{"start":{"line":8,"column":27},"end":{"line":8,"column":50}},"5":{"start":{"line":9,"column":8},"end":{"line":9,"column":26}},"6":{"start":{"line":6,"column":13},"end":{"line":6,"column":32}},"7":{"start":{"line":12,"column":32},"end":{"line":16,"column":1}},"8":{"start":{"line":13,"column":19},"end":{"line":13,"column":44}},"9":{"start":{"line":14,"column":21},"end":{"line":14,"column":46}},"10":{"start":{"line":15,"column":4},"end":{"line":15,"column":20}},"11":{"start":{"line":12,"column":13},"end":{"line":12,"column":32}},"12":{"start":{"line":18,"column":31},"end":{"line":48,"column":1}},"13":{"start":{"line":19,"column":17},"end":{"line":19,"column":55}},"14":{"start":{"line":20,"column":4},"end":{"line":25,"column":5}},"15":{"start":{"line":21,"column":8},"end":{"line":23,"column":null}},"16":{"start":{"line":24,"column":8},"end":{"line":24,"column":15}},"17":{"start":{"line":27,"column":4},"end":{"line":32,"column":5}},"18":{"start":{"line":28,"column":8},"end":{"line":30,"column":null}},"19":{"start":{"line":31,"column":8},"end":{"line":31,"column":15}},"20":{"start":{"line":35,"column":22},"end":{"line":35,"column":54}},"21":{"start":{"line":39,"column":4},"end":{"line":44,"column":5}},"22":{"start":{"line":40,"column":8},"end":{"line":42,"column":null}},"23":{"start":{"line":43,"column":8},"end":{"line":43,"column":15}},"24":{"start":{"line":46,"column":4},"end":{"line":46,"column":null}},"25":{"start":{"line":18,"column":13},"end":{"line":18,"column":31}}},"fnMap":{"0":{"name":"(anonymous_0)","decl":{"start":{"line":6,"column":32},"end":{"line":6,"column":33}},"loc":{"start":{"line":6,"column":49},"end":{"line":10,"column":1}}},"1":{"name":"(anonymous_1)","decl":{"start":{"line":12,"column":32},"end":{"line":12,"column":33}},"loc":{"start":{"line":12,"column":49},"end":{"line":16,"column":1}}},"2":{"name":"(anonymous_2)","decl":{"start":{"line":18,"column":31},"end":{"line":18,"column":32}},"loc":{"start":{"line":18,"column":83},"end":{"line":48,"column":1}}}},"branchMap":{"0":{"loc":{"start":{"line":20,"column":4},"end":{"line":25,"column":5}},"type":"if","locations":[{"start":{"line":20,"column":4},"end":{"line":25,"column":5}}]},"1":{"loc":{"start":{"line":27,"column":4},"end":{"line":32,"column":5}},"type":"if","locations":[{"start":{"line":27,"column":4},"end":{"line":32,"column":5}}]},"2":{"loc":{"start":{"line":39,"column":4},"end":{"line":44,"column":5}},"type":"if","locations":[{"start":{"line":39,"column":4},"end":{"line":44,"column":5}}]}},"s":{"0":2,"1":2,"2":2,"3":0,"4":0,"5":0,"6":2,"7":2,"8":18,"9":18,"10":18,"11":2,"12":2,"13":19,"14":19,"15":2,"16":2,"17":17,"18":1,"19":1,"20":16,"21":16,"22":3,"23":3,"24":13,"25":2},"f":{"0":0,"1":18,"2":19},"b":{"0":[2],"1":[1],"2":[3]}}
,"/Users/anastasiamak/WebstormProjects/back-hw-02/src/global_middlewares/inputCheckErrorsMiddleware.ts": {"path":"/Users/anastasiamak/WebstormProjects/back-hw-02/src/global_middlewares/inputCheckErrorsMiddleware.ts","statementMap":{"0":{"start":{"line":4,"column":0},"end":{"line":4,"column":51}},"1":{"start":{"line":5,"column":0},"end":{"line":5,"column":39}},"2":{"start":{"line":7,"column":42},"end":{"line":22,"column":1}},"3":{"start":{"line":9,"column":14},"end":{"line":9,"column":35}},"4":{"start":{"line":10,"column":4},"end":{"line":19,"column":5}},"5":{"start":{"line":11,"column":23},"end":{"line":11,"column":97}},"6":{"start":{"line":13,"column":8},"end":{"line":17,"column":null}},"7":{"start":{"line":16,"column":49},"end":{"line":16,"column":80}},"8":{"start":{"line":18,"column":8},"end":{"line":18,"column":14}},"9":{"start":{"line":21,"column":4},"end":{"line":21,"column":null}},"10":{"start":{"line":7,"column":13},"end":{"line":7,"column":42}}},"fnMap":{"0":{"name":"(anonymous_0)","decl":{"start":{"line":7,"column":42},"end":{"line":7,"column":43}},"loc":{"start":{"line":8,"column":98},"end":{"line":22,"column":1}}},"1":{"name":"(anonymous_1)","decl":{"start":{"line":16,"column":43},"end":{"line":16,"column":44}},"loc":{"start":{"line":16,"column":49},"end":{"line":16,"column":80}}}},"branchMap":{"0":{"loc":{"start":{"line":10,"column":4},"end":{"line":19,"column":5}},"type":"if","locations":[{"start":{"line":10,"column":4},"end":{"line":19,"column":5}}]}},"s":{"0":2,"1":2,"2":2,"3":11,"4":11,"5":4,"6":4,"7":14,"8":4,"9":7,"10":2},"f":{"0":11,"1":14},"b":{"0":[4]}}
}
