TN:
SF:__tests__/helpers/dataset.js
FN:8,(anonymous_0)
FNF:1
FNH:1
FNDA:18,(anonymous_0)
DA:3,2
DA:4,2
DA:5,2
DA:6,2
DA:7,2
DA:8,2
DA:9,18
DA:10,18
DA:11,5253
DA:13,18
DA:15,2
DA:16,2
DA:22,2
DA:28,2
DA:36,2
DA:40,2
LF:16
LH:16
BRF:0
BRH:0
end_of_record
TN:
SF:__tests__/helpers/test-helpers.ts
FNF:0
FNH:0
DA:1,2
DA:2,2
DA:4,2
LF:3
LH:3
BRF:0
BRH:0
end_of_record
TN:
SF:src/app.ts
FN:16,(anonymous_1)
FNF:1
FNH:0
FNDA:0,(anonymous_1)
DA:1,2
DA:2,2
DA:3,2
DA:4,2
DA:5,2
DA:6,2
DA:7,2
DA:9,2
DA:12,2
DA:13,2
DA:16,2
DA:18,0
DA:21,2
DA:22,2
DA:23,2
LF:15
LH:14
BRF:0
BRH:0
end_of_record
TN:
SF:src/setting.ts
FNF:0
FNH:0
DA:1,2
DA:2,2
DA:3,2
LF:3
LH:3
BRDA:5,0,0,2
BRDA:5,0,1,0
BRDA:11,1,0,2
BRDA:11,1,1,2
BRF:4
BRH:3
end_of_record
TN:
SF:src/db/db.ts
FN:30,(anonymous_0)
FN:39,(anonymous_1)
FN:40,(anonymous_2)
FNF:3
FNH:3
FNDA:30,(anonymous_0)
FNDA:22,(anonymous_1)
FNDA:6,(anonymous_2)
DA:4,2
DA:13,2
DA:30,2
DA:31,30
DA:32,14
DA:33,14
DA:34,14
DA:39,22
DA:40,16
LF:9
LH:9
BRDA:31,0,0,14
BRDA:39,1,0,16
BRDA:39,1,1,0
BRDA:39,2,0,0
BRDA:39,2,1,16
BRDA:39,3,0,16
BRDA:39,3,1,16
BRDA:40,4,0,16
BRDA:40,4,1,0
BRDA:40,5,0,0
BRDA:40,5,1,16
BRDA:40,6,0,16
BRDA:40,6,1,16
BRF:13
BRH:9
end_of_record
TN:
SF:src/features/blogs/blogValidators.ts
FN:22,(anonymous_0)
FNF:1
FNH:1
FNDA:8,(anonymous_0)
DA:1,2
DA:4,2
DA:5,2
DA:6,2
DA:12,2
DA:15,2
DA:18,2
DA:22,2
DA:24,8
DA:25,8
DA:26,0
DA:28,8
DA:31,2
LF:13
LH:12
BRDA:25,0,0,0
BRDA:25,1,0,8
BRDA:25,1,1,8
BRF:3
BRH:2
end_of_record
TN:
SF:src/features/blogs/blogsRepository.ts
FN:9,(anonymous_0)
FN:22,(anonymous_1)
FN:23,(anonymous_2)
FN:30,(anonymous_3)
FN:37,(anonymous_4)
FN:42,(anonymous_5)
FN:43,(anonymous_6)
FN:55,(anonymous_7)
FN:56,(anonymous_8)
FN:68,(anonymous_9)
FNF:10
FNH:10
FNDA:1,(anonymous_0)
FNDA:13,(anonymous_1)
FNDA:13,(anonymous_2)
FNDA:1,(anonymous_3)
FNDA:2,(anonymous_4)
FNDA:2,(anonymous_5)
FNDA:1,(anonymous_6)
FNDA:2,(anonymous_7)
FNDA:1,(anonymous_8)
FNDA:2,(anonymous_9)
DA:3,2
DA:6,2
DA:10,1
DA:16,1
DA:17,1
DA:23,13
DA:32,1
DA:33,1
DA:38,2
DA:43,2
DA:45,2
DA:46,1
DA:47,1
DA:48,1
DA:51,1
DA:56,2
DA:58,2
DA:59,1
DA:63,1
DA:64,1
DA:69,2
DA:75,2
LF:22
LH:22
BRDA:45,0,0,1
BRDA:58,1,0,1
BRF:2
BRH:2
end_of_record
TN:
SF:src/features/blogs/blogsRouter.ts
FNF:0
FNH:0
DA:1,2
DA:2,2
DA:3,2
DA:4,2
DA:5,2
DA:6,2
DA:7,2
DA:8,2
DA:11,2
DA:13,2
DA:14,2
DA:15,2
DA:16,2
DA:17,2
LF:14
LH:14
BRF:0
BRH:0
end_of_record
TN:
SF:src/features/blogs/controllers/createBlogController.ts
FN:6,(anonymous_0)
FNF:1
FNH:1
FNDA:1,(anonymous_0)
DA:3,2
DA:4,2
DA:6,2
DA:8,1
DA:10,1
DA:12,1
LF:6
LH:6
BRF:0
BRH:0
end_of_record
TN:
SF:src/features/blogs/controllers/delBlogController.ts
FN:7,(anonymous_0)
FNF:1
FNH:1
FNDA:2,(anonymous_0)
DA:3,2
DA:4,2
DA:7,2
DA:8,2
DA:10,2
DA:11,2
DA:12,1
DA:15,2
DA:16,2
LF:9
LH:9
BRDA:11,0,0,1
BRF:1
BRH:1
end_of_record
TN:
SF:src/features/blogs/controllers/findBlogController.ts
FN:6,(anonymous_0)
FNF:1
FNH:1
FNDA:2,(anonymous_0)
DA:3,2
DA:4,2
DA:6,2
DA:8,2
DA:10,2
DA:12,2
DA:13,1
DA:16,2
LF:8
LH:8
BRDA:12,0,0,1
BRF:1
BRH:1
end_of_record
TN:
SF:src/features/blogs/controllers/getBlogsController.ts
FN:7,(anonymous_0)
FNF:1
FNH:1
FNDA:2,(anonymous_0)
DA:3,2
DA:5,2
DA:7,2
DA:9,2
DA:11,2
LF:5
LH:5
BRF:0
BRH:0
end_of_record
TN:
SF:src/features/blogs/controllers/putBlogController.ts
FN:9,(anonymous_0)
FNF:1
FNH:1
FNDA:2,(anonymous_0)
DA:3,2
DA:5,2
DA:9,2
DA:12,2
DA:13,2
DA:16,2
DA:17,1
DA:21,2
DA:24,2
DA:25,1
DA:29,1
LF:11
LH:11
BRDA:16,0,0,1
BRDA:24,1,0,1
BRF:2
BRH:2
end_of_record
TN:
SF:src/features/posts/postValidators.ts
FN:24,(anonymous_0)
FN:29,(anonymous_1)
FNF:2
FNH:2
FNDA:4,(anonymous_0)
FNDA:6,(anonymous_1)
DA:1,2
DA:3,2
DA:4,2
DA:5,2
DA:6,2
DA:7,2
DA:14,2
DA:17,2
DA:20,2
DA:23,2
DA:25,4
DA:26,4
DA:29,2
DA:31,6
DA:32,6
DA:33,2
DA:36,2
DA:39,4
DA:42,2
LF:19
LH:19
BRDA:32,0,0,2
BRF:1
BRH:1
end_of_record
TN:
SF:src/features/posts/postsRepository.ts
FN:7,(anonymous_0)
FN:20,(anonymous_1)
FN:21,(anonymous_2)
FN:24,(anonymous_3)
FN:29,(anonymous_4)
FN:30,(anonymous_5)
FN:33,(anonymous_6)
FN:34,(anonymous_7)
FN:40,(anonymous_8)
FN:42,(anonymous_9)
FN:45,(anonymous_10)
FNF:11
FNH:11
FNDA:1,(anonymous_0)
FNDA:11,(anonymous_1)
FNDA:8,(anonymous_2)
FNDA:1,(anonymous_3)
FNDA:2,(anonymous_4)
FNDA:1,(anonymous_5)
FNDA:2,(anonymous_6)
FNDA:1,(anonymous_7)
FNDA:1,(anonymous_8)
FNDA:1,(anonymous_9)
FNDA:2,(anonymous_10)
DA:3,2
DA:4,2
DA:6,2
DA:8,1
DA:16,1
DA:17,1
DA:21,11
DA:25,1
DA:26,1
DA:30,2
DA:34,2
DA:35,2
DA:36,1
DA:41,1
DA:42,1
DA:46,2
DA:54,2
LF:17
LH:17
BRDA:35,0,0,1
BRDA:42,1,0,1
BRDA:42,1,1,0
BRF:3
BRH:2
end_of_record
TN:
SF:src/features/posts/postsRouter.ts
FNF:0
FNH:0
DA:1,2
DA:2,2
DA:3,2
DA:4,2
DA:5,2
DA:6,2
DA:7,2
DA:8,2
DA:9,2
DA:11,2
DA:13,2
DA:14,2
DA:15,2
DA:16,2
DA:17,2
LF:15
LH:15
BRF:0
BRH:0
end_of_record
TN:
SF:src/features/posts/controllers/createPostController.ts
FN:7,(anonymous_0)
FNF:1
FNH:1
FNDA:1,(anonymous_0)
DA:3,2
DA:4,2
DA:7,2
DA:10,1
DA:11,1
DA:13,1
LF:6
LH:6
BRF:0
BRH:0
end_of_record
TN:
SF:src/features/posts/controllers/delPostController.ts
FN:6,(anonymous_0)
FNF:1
FNH:1
FNDA:2,(anonymous_0)
DA:2,2
DA:3,2
DA:6,2
DA:7,2
DA:9,2
DA:10,2
DA:11,1
DA:14,2
DA:15,2
LF:9
LH:9
BRDA:10,0,0,1
BRF:1
BRH:1
end_of_record
TN:
SF:src/features/posts/controllers/findPostController.ts
FN:6,(anonymous_0)
FNF:1
FNH:1
FNDA:1,(anonymous_0)
DA:3,2
DA:4,2
DA:6,2
DA:8,1
DA:9,1
DA:10,1
DA:11,0
DA:14,1
LF:8
LH:7
BRDA:10,0,0,0
BRF:1
BRH:0
end_of_record
TN:
SF:src/features/posts/controllers/getPostsController.ts
FN:5,(anonymous_0)
FNF:1
FNH:1
FNDA:2,(anonymous_0)
DA:2,2
DA:3,2
DA:5,2
DA:6,2
DA:8,2
LF:5
LH:5
BRF:0
BRH:0
end_of_record
TN:
SF:src/features/posts/controllers/putPostController.ts
FN:6,(anonymous_0)
FNF:1
FNH:1
FNDA:1,(anonymous_0)
DA:2,2
DA:3,2
DA:6,2
DA:8,1
DA:9,1
DA:11,1
DA:12,0
DA:16,1
DA:19,1
DA:20,0
DA:24,1
LF:11
LH:9
BRDA:11,0,0,0
BRDA:19,1,0,0
BRF:2
BRH:0
end_of_record
TN:
SF:src/features/testing/index.ts
FN:6,(anonymous_0)
FNF:1
FNH:0
FNDA:0,(anonymous_0)
DA:1,2
DA:2,2
DA:4,2
DA:6,2
DA:7,0
DA:8,0
LF:6
LH:4
BRF:0
BRH:0
end_of_record
TN:
SF:src/global_middlewares/admin-middleware.ts
FN:6,(anonymous_0)
FN:12,(anonymous_1)
FN:18,(anonymous_2)
FNF:3
FNH:2
FNDA:0,(anonymous_0)
FNDA:18,(anonymous_1)
FNDA:19,(anonymous_2)
DA:1,2
DA:3,2
DA:6,2
DA:7,0
DA:8,0
DA:9,0
DA:12,2
DA:13,18
DA:14,18
DA:15,18
DA:18,2
DA:19,19
DA:20,19
DA:21,2
DA:24,2
DA:27,17
DA:28,1
DA:31,1
DA:35,16
DA:39,16
DA:40,3
DA:43,3
DA:46,13
LF:23
LH:20
BRDA:20,0,0,2
BRDA:27,1,0,1
BRDA:39,2,0,3
BRF:3
BRH:3
end_of_record
TN:
SF:src/global_middlewares/inputCheckErrorsMiddleware.ts
FN:7,(anonymous_0)
FN:16,(anonymous_1)
FNF:2
FNH:2
FNDA:11,(anonymous_0)
FNDA:14,(anonymous_1)
DA:4,2
DA:5,2
DA:7,2
DA:9,11
DA:10,11
DA:11,4
DA:13,4
DA:16,14
DA:18,4
DA:21,7
LF:10
LH:10
BRDA:10,0,0,4
BRF:1
BRH:1
end_of_record
